# JRE version: 7.0_25-b17
# Java VM: Java HotSpot(TM) 64-Bit Server VM (23.25-b01 mixed mode windows-amd64 compressed oops)
Heap
 PSYoungGen      total 25856K, used 7609K [0x00000000e0360000, 0x00000000e2520000, 0x0000000100000000)
  eden space 22784K, 20% used [0x00000000e0360000,0x00000000e07d6638,0x00000000e19a0000)
  from space 3072K, 98% used [0x00000000e1a20000,0x00000000e1d181b0,0x00000000e1d20000)
  to   space 5888K, 0% used [0x00000000e1f60000,0x00000000e1f60000,0x00000000e2520000)
 ParOldGen       total 65088K, used 4286K [0x00000000a0a00000, 0x00000000a4990000, 0x00000000e0360000)
  object space 65088K, 6% used [0x00000000a0a00000,0x00000000a0e2fa20,0x00000000a4990000)
 PSPermGen       total 21248K, used 9860K [0x000000009b800000, 0x000000009ccc0000, 0x00000000a0a00000)
  object space 21248K, 46% used [0x000000009b800000,0x000000009c1a13f8,0x000000009ccc0000)
GC Heap History (10 events):
Event: 30.634 GC heap before
{Heap before GC invocations=3 (full 0):
 PSYoungGen      total 28480K, used 27453K [0x00000000e0360000, 0x00000000e2320000, 0x0000000100000000)
  eden space 24448K, 100% used [0x00000000e0360000,0x00000000e1b40000,0x00000000e1b40000)
  from space 4032K, 74% used [0x00000000e1f30000,0x00000000e221f5c0,0x00000000e2320000)
  to   space 4032K, 0% used [0x00000000e1b40000,0x00000000e1b40000,0x00000000e1f30000)
 ParOldGen       total 65088K, used 1799K [0x00000000a0a00000, 0x00000000a4990000, 0x00000000e0360000)
  object space 65088K, 2% used [0x00000000a0a00000,0x00000000a0bc1d50,0x00000000a4990000)
 PSPermGen       total 21248K, used 9763K [0x000000009b800000, 0x000000009ccc0000, 0x00000000a0a00000)
  object space 21248K, 45% used [0x000000009b800000,0x000000009c188f00,0x000000009ccc0000)
Event: 30.640 GC heap after
Heap after GC invocations=3 (full 0):
 PSYoungGen      total 28480K, used 2760K [0x00000000e0360000, 0x00000000e2320000, 0x0000000100000000)
  eden space 24448K, 0% used [0x00000000e0360000,0x00000000e0360000,0x00000000e1b40000)
  from space 4032K, 68% used [0x00000000e1b40000,0x00000000e1df2160,0x00000000e1f30000)
  to   space 4032K, 0% used [0x00000000e1f30000,0x00000000e1f30000,0x00000000e2320000)
 ParOldGen       total 65088K, used 1807K [0x00000000a0a00000, 0x00000000a4990000, 0x00000000e0360000)
  object space 65088K, 2% used [0x00000000a0a00000,0x00000000a0bc3d50,0x00000000a4990000)
 PSPermGen       total 21248K, used 9763K [0x000000009b800000, 0x000000009ccc0000, 0x00000000a0a00000)
  object space 21248K, 45% used [0x000000009b800000,0x000000009c188f00,0x000000009ccc0000)
}
Event: 41.034 GC heap before
{Heap before GC invocations=4 (full 0):
 PSYoungGen      total 28480K, used 27208K [0x00000000e0360000, 0x00000000e2320000, 0x0000000100000000)
  eden space 24448K, 100% used [0x00000000e0360000,0x00000000e1b40000,0x00000000e1b40000)
  from space 4032K, 68% used [0x00000000e1b40000,0x00000000e1df2160,0x00000000e1f30000)
  to   space 4032K, 0% used [0x00000000e1f30000,0x00000000e1f30000,0x00000000e2320000)
 ParOldGen       total 65088K, used 1807K [0x00000000a0a00000, 0x00000000a4990000, 0x00000000e0360000)
  object space 65088K, 2% used [0x00000000a0a00000,0x00000000a0bc3d50,0x00000000a4990000)
 PSPermGen       total 21248K, used 9782K [0x000000009b800000, 0x000000009ccc0000, 0x00000000a0a00000)
  object space 21248K, 46% used [0x000000009b800000,0x000000009c18d8f8,0x000000009ccc0000)
Event: 41.040 GC heap after
Heap after GC invocations=4 (full 0):
 PSYoungGen      total 28480K, used 3345K [0x00000000e0360000, 0x00000000e2320000, 0x0000000100000000)
  eden space 24448K, 0% used [0x00000000e0360000,0x00000000e0360000,0x00000000e1b40000)
  from space 4032K, 82% used [0x00000000e1f30000,0x00000000e2274600,0x00000000e2320000)
  to   space 4032K, 0% used [0x00000000e1b40000,0x00000000e1b40000,0x00000000e1f30000)
 ParOldGen       total 65088K, used 1815K [0x00000000a0a00000, 0x00000000a4990000, 0x00000000e0360000)
  object space 65088K, 2% used [0x00000000a0a00000,0x00000000a0bc5d50,0x00000000a4990000)
 PSPermGen       total 21248K, used 9782K [0x000000009b800000, 0x000000009ccc0000, 0x00000000a0a00000)
  object space 21248K, 46% used [0x000000009b800000,0x000000009c18d8f8,0x000000009ccc0000)
}
Event: 50.801 GC heap before
{Heap before GC invocations=5 (full 0):
 PSYoungGen      total 28480K, used 27793K [0x00000000e0360000, 0x00000000e2320000, 0x0000000100000000)
  eden space 24448K, 100% used [0x00000000e0360000,0x00000000e1b40000,0x00000000e1b40000)
  from space 4032K, 82% used [0x00000000e1f30000,0x00000000e2274600,0x00000000e2320000)
  to   space 4032K, 0% used [0x00000000e1b40000,0x00000000e1b40000,0x00000000e1f30000)
 ParOldGen       total 65088K, used 1815K [0x00000000a0a00000, 0x00000000a4990000, 0x00000000e0360000)
  object space 65088K, 2% used [0x00000000a0a00000,0x00000000a0bc5d50,0x00000000a4990000)
 PSPermGen       total 21248K, used 9794K [0x000000009b800000, 0x000000009ccc0000, 0x00000000a0a00000)
  object space 21248K, 46% used [0x000000009b800000,0x000000009c1908e0,0x000000009ccc0000)
Event: 50.808 GC heap after
Heap after GC invocations=5 (full 0):
 PSYoungGen      total 27904K, used 4001K [0x00000000e0360000, 0x00000000e25d0000, 0x0000000100000000)
  eden space 23872K, 0% used [0x00000000e0360000,0x00000000e0360000,0x00000000e1ab0000)
  from space 4032K, 99% used [0x00000000e1b40000,0x00000000e1f286c8,0x00000000e1f30000)
  to   space 5696K, 0% used [0x00000000e2040000,0x00000000e2040000,0x00000000e25d0000)
 ParOldGen       total 65088K, used 1895K [0x00000000a0a00000, 0x00000000a4990000, 0x00000000e0360000)
  object space 65088K, 2% used [0x00000000a0a00000,0x00000000a0bd9d50,0x00000000a4990000)
 PSPermGen       total 21248K, used 9794K [0x000000009b800000, 0x000000009ccc0000, 0x00000000a0a00000)
  object space 21248K, 46% used [0x000000009b800000,0x000000009c1908e0,0x000000009ccc0000)
}
Event: 59.585 GC heap before
{Heap before GC invocations=6 (full 0):
 PSYoungGen      total 27904K, used 27873K [0x00000000e0360000, 0x00000000e25d0000, 0x0000000100000000)
  eden space 23872K, 100% used [0x00000000e0360000,0x00000000e1ab0000,0x00000000e1ab0000)
  from space 4032K, 99% used [0x00000000e1b40000,0x00000000e1f286c8,0x00000000e1f30000)
  to   space 5696K, 0% used [0x00000000e2040000,0x00000000e2040000,0x00000000e25d0000)
 ParOldGen       total 65088K, used 1895K [0x00000000a0a00000, 0x00000000a4990000, 0x00000000e0360000)
  object space 65088K, 2% used [0x00000000a0a00000,0x00000000a0bd9d50,0x00000000a4990000)
 PSPermGen       total 21248K, used 9830K [0x000000009b800000, 0x000000009ccc0000, 0x00000000a0a00000)
  object space 21248K, 46% used [0x000000009b800000,0x000000009c199ae0,0x000000009ccc0000)
Event: 59.591 GC heap after
Heap after GC invocations=6 (full 0):
 PSYoungGen      total 28928K, used 4785K [0x00000000e0360000, 0x00000000e25c0000, 0x0000000100000000)
  eden space 23296K, 0% used [0x00000000e0360000,0x00000000e0360000,0x00000000e1a20000)
  from space 5632K, 84% used [0x00000000e2040000,0x00000000e24ec6b8,0x00000000e25c0000)
  to   space 5952K, 0% used [0x00000000e1a20000,0x00000000e1a20000,0x00000000e1ff0000)
 ParOldGen       total 65088K, used 1903K [0x00000000a0a00000, 0x00000000a4990000, 0x00000000e0360000)
  object space 65088K, 2% used [0x00000000a0a00000,0x00000000a0bdbd50,0x00000000a4990000)
 PSPermGen       total 21248K, used 9830K [0x000000009b800000, 0x000000009ccc0000, 0x00000000a0a00000)
  object space 21248K, 46% used [0x000000009b800000,0x000000009c199ae0,0x000000009ccc0000)
}
Event: 67.934 GC heap before
{Heap before GC invocations=7 (full 0):
 PSYoungGen      total 28928K, used 28081K [0x00000000e0360000, 0x00000000e25c0000, 0x0000000100000000)
  eden space 23296K, 100% used [0x00000000e0360000,0x00000000e1a20000,0x00000000e1a20000)
  from space 5632K, 84% used [0x00000000e2040000,0x00000000e24ec6b8,0x00000000e25c0000)
  to   space 5952K, 0% used [0x00000000e1a20000,0x00000000e1a20000,0x00000000e1ff0000)
 ParOldGen       total 65088K, used 1903K [0x00000000a0a00000, 0x00000000a4990000, 0x00000000e0360000)
  object space 65088K, 2% used [0x00000000a0a00000,0x00000000a0bdbd50,0x00000000a4990000)
 PSPermGen       total 21248K, used 9849K [0x000000009b800000, 0x000000009ccc0000, 0x00000000a0a00000)
  object space 21248K, 46% used [0x000000009b800000,0x000000009c19e628,0x000000009ccc0000)
Event: 67.941 GC heap after
Heap after GC invocations=7 (full 0):
 PSYoungGen      total 25856K, used 3040K [0x00000000e0360000, 0x00000000e2520000, 0x0000000100000000)
  eden space 22784K, 0% used [0x00000000e0360000,0x00000000e0360000,0x00000000e19a0000)
  from space 3072K, 98% used [0x00000000e1a20000,0x00000000e1d181b0,0x00000000e1d20000)
  to   space 5888K, 0% used [0x00000000e1f60000,0x00000000e1f60000,0x00000000e2520000)
 ParOldGen       total 65088K, used 4286K [0x00000000a0a00000, 0x00000000a4990000, 0x00000000e0360000)
  object space 65088K, 6% used [0x00000000a0a00000,0x00000000a0e2fa20,0x00000000a4990000)
 PSPermGen       total 21248K, used 9849K [0x000000009b800000, 0x000000009ccc0000, 0x00000000a0a00000)
  object space 21248K, 46% used [0x000000009b800000,0x000000009c19e628,0x000000009ccc0000)
}

